Drill report for /home/jonathan/Documents/programming/monotron/pcb/monotron.kicad_pcb
Created on Sat 12 Jan 2019 23:53:22 GMT

Copper Layer Stackup:
    =============================================================
    L1 :  F.Cu                      front
    L2 :  B.Cu                      back


Drill file 'monotron-PTH.drl' contains
    plated through holes:
    =============================================================
    T1  0.40mm  0.016"  (39 holes)
    T2  0.60mm  0.024"  (6 holes)
    T3  0.76mm  0.030"  (40 holes)
    T4  0.80mm  0.031"  (88 holes)
    T5  0.89mm  0.035"  (12 holes)
    T6  0.90mm  0.035"  (2 holes)
    T7  1.00mm  0.039"  (87 holes)  (with 3 slots)
    T8  1.20mm  0.047"  (32 holes)
    T9  1.40mm  0.055"  (21 holes)
    T10  1.60mm  0.063"  (3 holes)
    T11  2.29mm  0.090"  (6 holes)
    T12  3.20mm  0.126"  (8 holes)

    Total plated holes count 344


Drill file 'monotron-NPTH.drl' contains
    unplated through holes:
    =============================================================

    Total unplated holes count 0
